2024-08-21T08:44:50.890Z [exercise-service] error: Error: Cannot delete or update a parent row: a foreign key constraint fails (`healthdb`.`weight_tb`, CONSTRAINT `weight_tb_ibfk_1` FOREIGN KEY (`date_id`) REFERENCES `date_tb` (`date_id`))
    at Packet.asError (/Users/sagong-gwang-yeol/Desktop/healthkungya-backend/node_modules/mysql2/lib/packets/packet.js:728:17)
    at Query.execute (/Users/sagong-gwang-yeol/Desktop/healthkungya-backend/node_modules/mysql2/lib/commands/command.js:29:26)
    at Connection.handlePacket (/Users/sagong-gwang-yeol/Desktop/healthkungya-backend/node_modules/mysql2/lib/connection.js:481:34)
    at PacketParser.onPacket (/Users/sagong-gwang-yeol/Desktop/healthkungya-backend/node_modules/mysql2/lib/connection.js:97:12)
    at PacketParser.executeStart (/Users/sagong-gwang-yeol/Desktop/healthkungya-backend/node_modules/mysql2/lib/packet_parser.js:75:16)
    at Socket.<anonymous> (/Users/sagong-gwang-yeol/Desktop/healthkungya-backend/node_modules/mysql2/lib/connection.js:104:25)
    at Socket.emit (node:events:520:28)
    at addChunk (node:internal/streams/readable:559:12)
    at readableAddChunkPushByteMode (node:internal/streams/readable:510:3)
    at Readable.push (node:internal/streams/readable:390:5)
2024-08-21T08:46:19.048Z [exercise-service] error: Error: Cannot delete or update a parent row: a foreign key constraint fails (`healthdb`.`weight_tb`, CONSTRAINT `weight_tb_ibfk_1` FOREIGN KEY (`date_id`) REFERENCES `date_tb` (`date_id`))
    at Packet.asError (/Users/sagong-gwang-yeol/Desktop/healthkungya-backend/node_modules/mysql2/lib/packets/packet.js:728:17)
    at Query.execute (/Users/sagong-gwang-yeol/Desktop/healthkungya-backend/node_modules/mysql2/lib/commands/command.js:29:26)
    at Connection.handlePacket (/Users/sagong-gwang-yeol/Desktop/healthkungya-backend/node_modules/mysql2/lib/connection.js:481:34)
    at PacketParser.onPacket (/Users/sagong-gwang-yeol/Desktop/healthkungya-backend/node_modules/mysql2/lib/connection.js:97:12)
    at PacketParser.executeStart (/Users/sagong-gwang-yeol/Desktop/healthkungya-backend/node_modules/mysql2/lib/packet_parser.js:75:16)
    at Socket.<anonymous> (/Users/sagong-gwang-yeol/Desktop/healthkungya-backend/node_modules/mysql2/lib/connection.js:104:25)
    at Socket.emit (node:events:520:28)
    at addChunk (node:internal/streams/readable:559:12)
    at readableAddChunkPushByteMode (node:internal/streams/readable:510:3)
    at Readable.push (node:internal/streams/readable:390:5)
2024-08-21T08:47:42.732Z [exercise-service] error: Error: Cannot delete or update a parent row: a foreign key constraint fails (`healthdb`.`weight_tb`, CONSTRAINT `weight_tb_ibfk_1` FOREIGN KEY (`date_id`) REFERENCES `date_tb` (`date_id`))
    at Packet.asError (/Users/sagong-gwang-yeol/Desktop/healthkungya-backend/node_modules/mysql2/lib/packets/packet.js:728:17)
    at Query.execute (/Users/sagong-gwang-yeol/Desktop/healthkungya-backend/node_modules/mysql2/lib/commands/command.js:29:26)
    at Connection.handlePacket (/Users/sagong-gwang-yeol/Desktop/healthkungya-backend/node_modules/mysql2/lib/connection.js:481:34)
    at PacketParser.onPacket (/Users/sagong-gwang-yeol/Desktop/healthkungya-backend/node_modules/mysql2/lib/connection.js:97:12)
    at PacketParser.executeStart (/Users/sagong-gwang-yeol/Desktop/healthkungya-backend/node_modules/mysql2/lib/packet_parser.js:75:16)
    at Socket.<anonymous> (/Users/sagong-gwang-yeol/Desktop/healthkungya-backend/node_modules/mysql2/lib/connection.js:104:25)
    at Socket.emit (node:events:520:28)
    at addChunk (node:internal/streams/readable:559:12)
    at readableAddChunkPushByteMode (node:internal/streams/readable:510:3)
    at Readable.push (node:internal/streams/readable:390:5)
2024-08-21T08:50:27.396Z [exercise-service] error: Error: Cannot delete or update a parent row: a foreign key constraint fails (`healthdb`.`weight_tb`, CONSTRAINT `weight_tb_ibfk_1` FOREIGN KEY (`date_id`) REFERENCES `date_tb` (`date_id`))
    at Packet.asError (/Users/sagong-gwang-yeol/Desktop/healthkungya-backend/node_modules/mysql2/lib/packets/packet.js:728:17)
    at Query.execute (/Users/sagong-gwang-yeol/Desktop/healthkungya-backend/node_modules/mysql2/lib/commands/command.js:29:26)
    at Connection.handlePacket (/Users/sagong-gwang-yeol/Desktop/healthkungya-backend/node_modules/mysql2/lib/connection.js:481:34)
    at PacketParser.onPacket (/Users/sagong-gwang-yeol/Desktop/healthkungya-backend/node_modules/mysql2/lib/connection.js:97:12)
    at PacketParser.executeStart (/Users/sagong-gwang-yeol/Desktop/healthkungya-backend/node_modules/mysql2/lib/packet_parser.js:75:16)
    at Socket.<anonymous> (/Users/sagong-gwang-yeol/Desktop/healthkungya-backend/node_modules/mysql2/lib/connection.js:104:25)
    at Socket.emit (node:events:520:28)
    at addChunk (node:internal/streams/readable:559:12)
    at readableAddChunkPushByteMode (node:internal/streams/readable:510:3)
    at Readable.push (node:internal/streams/readable:390:5)
2024-08-21T08:55:33.695Z [exercise-service] error: Error: Cannot delete or update a parent row: a foreign key constraint fails (`healthdb`.`weight_tb`, CONSTRAINT `weight_tb_ibfk_1` FOREIGN KEY (`date_id`) REFERENCES `date_tb` (`date_id`))
    at Packet.asError (/Users/sagong-gwang-yeol/Desktop/healthkungya-backend/node_modules/mysql2/lib/packets/packet.js:728:17)
    at Query.execute (/Users/sagong-gwang-yeol/Desktop/healthkungya-backend/node_modules/mysql2/lib/commands/command.js:29:26)
    at Connection.handlePacket (/Users/sagong-gwang-yeol/Desktop/healthkungya-backend/node_modules/mysql2/lib/connection.js:481:34)
    at PacketParser.onPacket (/Users/sagong-gwang-yeol/Desktop/healthkungya-backend/node_modules/mysql2/lib/connection.js:97:12)
    at PacketParser.executeStart (/Users/sagong-gwang-yeol/Desktop/healthkungya-backend/node_modules/mysql2/lib/packet_parser.js:75:16)
    at Socket.<anonymous> (/Users/sagong-gwang-yeol/Desktop/healthkungya-backend/node_modules/mysql2/lib/connection.js:104:25)
    at Socket.emit (node:events:520:28)
    at addChunk (node:internal/streams/readable:559:12)
    at readableAddChunkPushByteMode (node:internal/streams/readable:510:3)
    at Readable.push (node:internal/streams/readable:390:5)
2024-08-21T08:56:06.817Z [exercise-service] error: Error [ERR_HTTP_HEADERS_SENT]: Cannot set headers after they are sent to the client
    at ServerResponse.setHeader (node:_http_outgoing:703:11)
    at ServerResponse.header (/Users/sagong-gwang-yeol/Desktop/healthkungya-backend/node_modules/express/lib/response.js:795:10)
    at ServerResponse.send (/Users/sagong-gwang-yeol/Desktop/healthkungya-backend/node_modules/express/lib/response.js:175:12)
    at ServerResponse.json (/Users/sagong-gwang-yeol/Desktop/healthkungya-backend/node_modules/express/lib/response.js:279:15)
    at /Users/sagong-gwang-yeol/Desktop/healthkungya-backend/controllers/exercise.controller.js:128:32
    at Object.deleteExerciseLog (/Users/sagong-gwang-yeol/Desktop/healthkungya-backend/services/exercise.service.js:164:5)
    at process.processTicksAndRejections (node:internal/process/task_queues:95:5)
    at async DeleteExerciseLogController (/Users/sagong-gwang-yeol/Desktop/healthkungya-backend/controllers/exercise.controller.js:118:5)
2024-08-21T08:56:43.946Z [exercise-service] error: Error: Cannot delete or update a parent row: a foreign key constraint fails (`healthdb`.`weight_tb`, CONSTRAINT `weight_tb_ibfk_1` FOREIGN KEY (`date_id`) REFERENCES `date_tb` (`date_id`))
    at Packet.asError (/Users/sagong-gwang-yeol/Desktop/healthkungya-backend/node_modules/mysql2/lib/packets/packet.js:728:17)
    at Query.execute (/Users/sagong-gwang-yeol/Desktop/healthkungya-backend/node_modules/mysql2/lib/commands/command.js:29:26)
    at Connection.handlePacket (/Users/sagong-gwang-yeol/Desktop/healthkungya-backend/node_modules/mysql2/lib/connection.js:481:34)
    at PacketParser.onPacket (/Users/sagong-gwang-yeol/Desktop/healthkungya-backend/node_modules/mysql2/lib/connection.js:97:12)
    at PacketParser.executeStart (/Users/sagong-gwang-yeol/Desktop/healthkungya-backend/node_modules/mysql2/lib/packet_parser.js:75:16)
    at Socket.<anonymous> (/Users/sagong-gwang-yeol/Desktop/healthkungya-backend/node_modules/mysql2/lib/connection.js:104:25)
    at Socket.emit (node:events:520:28)
    at addChunk (node:internal/streams/readable:559:12)
    at readableAddChunkPushByteMode (node:internal/streams/readable:510:3)
    at Readable.push (node:internal/streams/readable:390:5)
